========================== ETHERNET IP Core Testbench results ===========================
 
  ***************************************************************************************
  ***************************************************************************************
  Heading: ACCESS TO MAC REGISTERS TEST                                                                        
  ***************************************************************************************
  ***************************************************************************************
 
    *************************************************************************************
    At time:                68509 
    Test: TEST 0: BYTE SELECTS ON 3 32-BIT READ-WRITE REGISTERS ( VARIOUS BUS DELAYS )                        
    reported *SUCCESSFULL*! 
    *************************************************************************************
 
    *************************************************************************************
    At time:               302749 
    Test: TEST 1: 'WALKING ONE' WITH SINGLE CYCLES ACROSS MAC REGISTERS ( VARIOUS BUS DELAYS )                
    reported *SUCCESSFULL*! 
    *************************************************************************************
 
    *************************************************************************************
    At time:              5383309 
    Test: TEST 2: 'WALKING ONE' WITH SINGLE CYCLES ACROSS MAC BUFFER DESC. ( VARIOUS BUS DELAYS )             
    reported *SUCCESSFULL*! 
    *************************************************************************************
 
    *************************************************************************************
    At time:              5399539 
    Test: TEST 3: MAX REG. VALUES AND REG. VALUES AFTER WRITING INVERSE RESET VALUES AND HARD RESET OF THE MAC
    reported *SUCCESSFULL*! 
    *************************************************************************************
 
    *************************************************************************************
    At time:              5645629 
    Test: TEST 4: BUFFER DESC. RAM PRESERVING VALUES AFTER HARD RESET OF THE MAC AND RESETING THE LOGIC       
    reported *SUCCESSFULL*! 
    *************************************************************************************
 
  ***************************************************************************************
  ***************************************************************************************
  Heading: MIIM MODULE TEST                                                                                    
  ***************************************************************************************
  ***************************************************************************************
 
    *************************************************************************************
    At time:              7595116 
    Test: TEST 0: CLOCK DIVIDER OF MII MANAGEMENT MODULE WITH ALL POSSIBLE FREQUENCES                         
    reported *SUCCESSFULL*! 
    *************************************************************************************
 
    *************************************************************************************
    At time:              7622389 
    Test: TEST 1: VARIOUS READINGS FROM 'REAL' PHY REGISTERS                                                  
    reported *SUCCESSFULL*! 
    *************************************************************************************
 
    *************************************************************************************
    At time:              7655569 
    Test: TEST 2: VARIOUS WRITINGS TO 'REAL' PHY REGISTERS ( CONTROL AND NON WRITABLE REGISTERS )             
    reported *SUCCESSFULL*! 
    *************************************************************************************
 
    *************************************************************************************
    At time:              7674529 
    Test: TEST 3: RESET PHY THROUGH MII MANAGEMENT MODULE                                                     
    reported *SUCCESSFULL*! 
    *************************************************************************************
 
    *************************************************************************************
    At time:              7750699 
    Test: TEST 4: 'WALKING ONE' ACROSS PHY ADDRESS ( WITH AND WITHOUT PREAMBLE )                              
    reported *SUCCESSFULL*! 
    *************************************************************************************
 
    *************************************************************************************
    At time:              7826899 
    Test: TEST 5: 'WALKING ONE' ACROSS PHY'S REGISTER ADDRESS ( WITH AND WITHOUT PREAMBLE )                   
    reported *SUCCESSFULL*! 
    *************************************************************************************
 
    *************************************************************************************
    At time:              8069359 
    Test: TEST 6: 'WALKING ONE' ACROSS PHY'S DATA ( WITH AND WITHOUT PREAMBLE )                               
    reported *SUCCESSFULL*! 
    *************************************************************************************
 
    *************************************************************************************
    At time:              8074099 
    Test: TEST 7: READING FROM PHY WITH WRONG PHY ADDRESS ( HOST READING HIGH 'Z' DATA )                      
    reported *SUCCESSFULL*! 
    *************************************************************************************
 
    *************************************************************************************
    At time:              8083579 
    Test: TEST 8: WRITING TO PHY WITH WRONG PHY ADDRESS AND READING FROM CORRECT ONE                          
    reported *SUCCESSFULL*! 
    *************************************************************************************
 
    *************************************************************************************
    At time:              9001879 
    Test: TEST 9: SLIDING STOP SCAN COMMAND IMMEDIATELY AFTER READ REQUEST ( WITH AND WITHOUT PREAMBLE )      
    reported *SUCCESSFULL*! 
    *************************************************************************************
 
    *************************************************************************************
    At time:              9930739 
    Test: TEST 10: SLIDING STOP SCAN COMMAND IMMEDIATELY AFTER WRITE REQUEST ( WITH AND WITHOUT PREAMBLE )    
    reported *SUCCESSFULL*! 
    *************************************************************************************
 
    *************************************************************************************
    At time:             10146949 
    Test: TEST 11: BUSY AND NVALID STATUS DURATIONS DURING WRITE ( WITH AND WITHOUT PREAMBLE )                
    reported *SUCCESSFULL*! 
    *************************************************************************************
 
    *************************************************************************************
    At time:             10363909 
    Test: TEST 12: BUSY AND NVALID STATUS DURATIONS DURING READ ( WITH AND WITHOUT PREAMBLE )                 
    reported *SUCCESSFULL*! 
    *************************************************************************************
 
    *************************************************************************************
    At time:             10580869 
    Test: TEST 13: BUSY AND NVALID STATUS DURATIONS DURING SCAN ( WITH AND WITHOUT PREAMBLE )                 
    reported *SUCCESSFULL*! 
    *************************************************************************************
 
    *************************************************************************************
    At time:             10725379 
    Test: TEST 14: SCAN STATUS FROM PHY WITH DETECTING LINK-FAIL BIT ( WITH AND WITHOUT PREAMBLE )            
    reported *SUCCESSFULL*! 
    *************************************************************************************
 
    *************************************************************************************
    At time:             12233659 
    Test: TEST 15: SCAN STATUS FROM PHY WITH SLIDING LINK-FAIL BIT ( WITH AND WITHOUT PREAMBLE )              
    reported *SUCCESSFULL*! 
    *************************************************************************************
 
    *************************************************************************************
    At time:             13189579 
    Test: TEST 16: SLIDING STOP SCAN COMMAND IMMEDIATELY AFTER SCAN REQUEST ( WITH AND WITHOUT PREAMBLE )     
    reported *SUCCESSFULL*! 
    *************************************************************************************
 
    *************************************************************************************
    At time:             14707999 
    Test: TEST 17: SLIDING STOP SCAN COMMAND AFTER 2. SCAN ( WITH AND WITHOUT PREAMBLE )                      
    reported *SUCCESSFULL*! 
    *************************************************************************************
 
 
NOTE: PHY generates ideal Carrier sense and Collision signals for following tests                         
 
  ***************************************************************************************
  ***************************************************************************************
  Heading: MAC FULL DUPLEX TRANSMIT TEST                                                                       
  ***************************************************************************************
  ***************************************************************************************
 
    *************************************************************************************
    At time:             15406279 
    Test: TEST 0: NO TRANSMIT WHEN ALL BUFFERS ARE RX ( 10Mbps )                                              
    reported *SUCCESSFULL*! 
    *************************************************************************************
 
    *************************************************************************************
    At time:             16040719 
    Test: TEST 1: NO TRANSMIT WHEN ALL BUFFERS ARE RX ( 100Mbps )                                             
    reported *SUCCESSFULL*! 
    *************************************************************************************
 
    *************************************************************************************
    At time:             49831159 
    Test: TEST 2: TRANSMIT PACKETS FROM MINFL TO MAXFL SIZES AT ONE TX BD ( 10Mbps )                          
    reported *SUCCESSFULL*! 
    *************************************************************************************
 
    *************************************************************************************
    At time:             53546959 
    Test: TEST 3: TRANSMIT PACKETS FROM MINFL TO MAXFL SIZES AT ONE TX BD ( 100Mbps )                         
    reported *SUCCESSFULL*! 
    *************************************************************************************
 
    *************************************************************************************
    At time:             95455995 
    Test: TEST 4: TRANSMIT PACKETS FROM MINFL TO MAXFL SIZES AT MAX TX BDs ( 10Mbps )                         
    reported *SUCCESSFULL*! 
    *************************************************************************************
 
    *************************************************************************************
    At time:            100074075 
    Test: TEST 5: TRANSMIT PACKETS FROM MINFL TO MAXFL SIZES AT MAX TX BDs ( 100Mbps )                        
    reported *SUCCESSFULL*! 
    *************************************************************************************
 
    *************************************************************************************
    At time:            104465715 
    Test: TEST 6: TRANSMIT PACKETS FROM 0 TO (MINFL - 1) SIZES AT 8 TX BD ( 10Mbps )                          
    reported *SUCCESSFULL*! 
    *************************************************************************************
 
    *************************************************************************************
    At time:            105071235 
    Test: TEST 7: TRANSMIT PACKETS FROM 0 TO (MINFL - 1) SIZES AT 8 TX BD ( 100Mbps )                         
    reported *SUCCESSFULL*! 
    *************************************************************************************
 
    *************************************************************************************
    At time:            108158355 
    Test: TEST 8: TRANSMIT PACKETS (NO PADs) FROM 0 TO (MINFL - 1) SIZES AT 8 TX BD ( 10Mbps )                
    reported *SUCCESSFULL*! 
    *************************************************************************************
 
    *************************************************************************************
    At time:            108633195 
    Test: TEST 9: TRANSMIT PACKETS (NO PADs) FROM 0 TO (MINFL - 1) SIZES AT 8 TX BD ( 100Mbps )               
    reported *SUCCESSFULL*! 
    *************************************************************************************
 
    *************************************************************************************
    At time:            112462785 
    Test: TEST 10: TRANSMIT PACKETS ACROSS MAXFL VALUE AT 13 TX BDs ( 10Mbps )                                
    reported *SUCCESSFULL*! 
    *************************************************************************************
 
    *************************************************************************************
    At time:            112860495 
    Test: TEST 11: TRANSMIT PACKETS ACROSS MAXFL VALUE AT 13 TX BDs ( 100Mbps )                               
    reported *SUCCESSFULL*! 
    *************************************************************************************
 
    *************************************************************************************
    At time:            113188365 
    Test: TEST 12: TRANSMIT PACKETS ACROSS CHANGED MAXFL VALUE AT 13 TX BDs ( 10Mbps )                        
    reported *SUCCESSFULL*! 
    *************************************************************************************
 
    *************************************************************************************
    At time:            113230515 
    Test: TEST 13: TRANSMIT PACKETS ACROSS CHANGED MAXFL VALUE AT 13 TX BDs ( 100Mbps )                       
    reported *SUCCESSFULL*! 
    *************************************************************************************
 
    *************************************************************************************
    At time:            116538825 
    Test: TEST 14: TRANSMIT PACKETS ACROSS CHANGED MINFL VALUE AT 7 TX BDs ( 10Mbps )                         
    reported *SUCCESSFULL*! 
    *************************************************************************************
 
    *************************************************************************************
    At time:            116879415 
    Test: TEST 15: TRANSMIT PACKETS ACROSS CHANGED MINFL VALUE AT 7 TX BDs ( 100Mbps )                        
    reported *SUCCESSFULL*! 
    *************************************************************************************
 
    *************************************************************************************
    At time:            225524925 
    Test: TEST 16: TRANSMIT PACKETS ACROSS MAXFL WITH HUGEN AT 19 TX BDs ( 10Mbps )                           
    reported *SUCCESSFULL*! 
    *************************************************************************************
 
    *************************************************************************************
    At time:            236434755 
    Test: TEST 17: TRANSMIT PACKETS ACROSS MAXFL WITH HUGEN AT 19 TX BDs ( 100Mbps )                          
    reported *SUCCESSFULL*! 
    *************************************************************************************
 
    *************************************************************************************
    At time:            238492905 
    Test: TEST 18: IPG DURING BACK-TO-BACK TRANSMIT AT 88 TX BDs ( 10Mbps )                                   
    reported *SUCCESSFULL*! 
    *************************************************************************************
 
    *************************************************************************************
    At time:            238758615 
    Test: TEST 19: IPG DURING BACK-TO-BACK TRANSMIT AT 88 TX BDs ( 100Mbps )                                  
    reported *SUCCESSFULL*! 
    *************************************************************************************
 
    *************************************************************************************
    At time:            242552685 
    Test: TEST 20: TRANSMIT PACKETS AFTER TX UNDER-RUN ON EACH PACKET's BYTE AT 2 TX BDs ( 10Mbps )           
    reported *SUCCESSFULL*! 
    *************************************************************************************
 
    *************************************************************************************
    At time:            243028635 
    Test: TEST 21: TRANSMIT PACKETS AFTER TX UNDER-RUN ON EACH PACKET's BYTE AT 2 TX BDs ( 100Mbps )          
    reported *SUCCESSFULL*! 
    *************************************************************************************
 
    *************************************************************************************
    At time:            276818449 
    Test: TEST 22: TRANSMIT PACKETS (DELAYED CRC) FROM MINFL TO MAXFL SIZES AT ONE TX BD ( 10Mbps )           
    reported *SUCCESSFULL*! 
    *************************************************************************************
 
    *************************************************************************************
    At time:            280490569 
    Test: TEST 23: TRANSMIT PACKETS (DELAYED CRC) FROM MINFL TO MAXFL SIZES AT ONE TX BD ( 100Mbps )          
    reported *SUCCESSFULL*! 
    *************************************************************************************
 
  ***************************************************************************************
  ***************************************************************************************
  Heading: MAC FULL DUPLEX RECEIVE TEST                                                                        
  ***************************************************************************************
  ***************************************************************************************
 
    *************************************************************************************
    At time:            290286289 
    Test: TEST 0: NO RECEIVE WHEN ALL BUFFERS ARE TX ( 10Mbps )                                               
    reported *SUCCESSFULL*! 
    *************************************************************************************
 
    *************************************************************************************
    At time:            291830809 
    Test: TEST 1: NO RECEIVE WHEN ALL BUFFERS ARE TX ( 100Mbps )                                              
    reported *SUCCESSFULL*! 
    *************************************************************************************
 
    *************************************************************************************
    At time:            332009689 
    Test: TEST 2: RECEIVE PACKET SYNCHRONIZATION WITH RECEIVE DISABLE/ENABLE ( 10Mbps )                       
    reported *SUCCESSFULL*! 
    *************************************************************************************
 
    *************************************************************************************
    At time:            337336369 
    Test: TEST 3: RECEIVE PACKET SYNCHRONIZATION WITH RECEIVE DISABLE/ENABLE ( 100Mbps )                      
    reported *SUCCESSFULL*! 
    *************************************************************************************
 
    *************************************************************************************
    At time:            371025259 
    Test: TEST 4: RECEIVE PACKETS FROM MINFL TO MAXFL SIZES AT ONE RX BD ( 10Mbps )                           
    reported *SUCCESSFULL*! 
    *************************************************************************************
 
    *************************************************************************************
    At time:            374601019 
    Test: TEST 5: RECEIVE PACKETS FROM MINFL TO MAXFL SIZES AT ONE RX BD ( 100Mbps )                          
    reported *SUCCESSFULL*! 
    *************************************************************************************
 
    *************************************************************************************
    At time:            416164725 
    Test: TEST 6: RECEIVE PACKETS FROM MINFL TO MAXFL SIZES AT MAX RX BDs ( 10Mbps )                          
    reported *SUCCESSFULL*! 
    *************************************************************************************
 
    *************************************************************************************
    At time:            420609645 
    Test: TEST 7: RECEIVE PACKETS FROM MINFL TO MAXFL SIZES AT MAX RX BDs ( 100Mbps )                         
    reported *SUCCESSFULL*! 
    *************************************************************************************
 
    *************************************************************************************
    At time:            424039185 
    Test: TEST 8: RECEIVE PACKETS FROM 0 TO (MINFL + 12) SIZES AT 8 RX BD ( 10Mbps )                          
    reported *SUCCESSFULL*! 
    *************************************************************************************
 
    *************************************************************************************
    At time:            424510425 
    Test: TEST 9: RECEIVE PACKETS FROM 0 TO (MINFL + 12) SIZES AT 8 RX BD ( 100Mbps )                         
    reported *SUCCESSFULL*! 
    *************************************************************************************
 
    *************************************************************************************
    At time:            425062849 
    Test: TEST 10: RECEIVE PACKETS AT ONE RX BD AND CHECK ADDRESSES ( 10Mbps )                                
    reported *SUCCESSFULL*! 
    *************************************************************************************
 
    *************************************************************************************
    At time:            425143369 
    Test: TEST 11: RECEIVE PACKETS AT ONE RX BD AND CHECK ADDRESSES ( 100Mbps )                               
    reported *SUCCESSFULL*! 
    *************************************************************************************
 
    *************************************************************************************
    At time:            425967739 
    Test: TEST 12: RECEIVE PACKETS AT 8 RX BD WITH RX FIFO AND RX BD OVERRUN ( 10Mbps )                       
    reported *SUCCESSFULL*! 
    *************************************************************************************
 
    *************************************************************************************
    At time:            426086299 
    Test: TEST 13: RECEIVE PACKETS AT 8 RX BD WITH RX FIFO AND RX BD OVERRUN ( 100Mbps )                      
    reported *SUCCESSFULL*! 
    *************************************************************************************
 
    *************************************************************************************
    At time:            426639169 
    Test: TEST 14: RECEIVE PACKETS (DELAYED CRC) AT ONE RX BD AND CHECK ADDRESSES ( 10Mbps )                  
    reported *SUCCESSFULL*! 
    *************************************************************************************
 
    *************************************************************************************
    At time:            426719689 
    Test: TEST 15: RECEIVE PACKETS (DELAYED CRC) AT ONE RX BD AND CHECK ADDRESSES ( 100Mbps )                 
    reported *SUCCESSFULL*! 
    *************************************************************************************
 
  ***************************************************************************************
  ***************************************************************************************
  Heading: MAC FULL DUPLEX FLOW CONTROL TEST                                                                   
  ***************************************************************************************
  ***************************************************************************************
 
    *************************************************************************************
    At time:            436110791 
    Test: TEST 0: INSERT CONTROL FRM. WHILE TRANSMITTING NORMAL FRM. AT 4 TX BD ( 10Mbps )                    
    reported *SUCCESSFULL*! 
    *************************************************************************************
 
    *************************************************************************************
    At time:            437141891 
    Test: TEST 1: INSERT CONTROL FRM. WHILE TRANSMITTING NORMAL FRM. AT 4 TX BD ( 100Mbps )                   
    reported *SUCCESSFULL*! 
    *************************************************************************************
 
    *************************************************************************************
    At time:            438353899 
    Test: TEST 2: RECEIVE CONTROL FRAMES WITH PASSALL OPTION TURNED ON AND OFF AT ONE RX BD ( 10Mbps )        
    reported *SUCCESSFULL*! 
    *************************************************************************************
 
    *************************************************************************************
    At time:            438503539 
    Test: TEST 3: RECEIVE CONTROL FRAMES WITH PASSALL OPTION TURNED ON AND OFF AT ONE RX BD ( 100Mbps )       
    reported *SUCCESSFULL*! 
    *************************************************************************************
 
    *************************************************************************************
    At time:            477292639 
    Test: TEST 4: RANDOM RECEIVE AND TRANSMIT FRAMES AT ONE TX AND ONE RX BD ( 10Mbps )                       
    reported *SUCCESSFULL*! 
    *************************************************************************************
 
    *************************************************************************************
    At time:            482304199 
    Test: TEST 5: RANDOM RECEIVE AND TRANSMIT FRAMES AT ONE TX AND ONE RX BD ( 100Mbps )                      
    reported *SUCCESSFULL*! 
    *************************************************************************************
 
 
NOTE: PHY generates 'real delayed' Carrier sense and Collision signals for following tests                
 
  ***************************************************************************************
  ***************************************************************************************
  Heading: MAC FULL DUPLEX TRANSMIT TEST                                                                       
  ***************************************************************************************
  ***************************************************************************************
 
    *************************************************************************************
    At time:            483001879 
    Test: TEST 0: NO TRANSMIT WHEN ALL BUFFERS ARE RX ( 10Mbps )                                              
    reported *SUCCESSFULL*! 
    *************************************************************************************
 
    *************************************************************************************
    At time:            483636319 
    Test: TEST 1: NO TRANSMIT WHEN ALL BUFFERS ARE RX ( 100Mbps )                                             
    reported *SUCCESSFULL*! 
    *************************************************************************************
 
    *************************************************************************************
    At time:            517426759 
    Test: TEST 2: TRANSMIT PACKETS FROM MINFL TO MAXFL SIZES AT ONE TX BD ( 10Mbps )                          
    reported *SUCCESSFULL*! 
    *************************************************************************************
 
    *************************************************************************************
    At time:            521142559 
    Test: TEST 3: TRANSMIT PACKETS FROM MINFL TO MAXFL SIZES AT ONE TX BD ( 100Mbps )                         
    reported *SUCCESSFULL*! 
    *************************************************************************************
 
    *************************************************************************************
    At time:            563051595 
    Test: TEST 4: TRANSMIT PACKETS FROM MINFL TO MAXFL SIZES AT MAX TX BDs ( 10Mbps )                         
    reported *SUCCESSFULL*! 
    *************************************************************************************
 
    *************************************************************************************
    At time:            567669675 
    Test: TEST 5: TRANSMIT PACKETS FROM MINFL TO MAXFL SIZES AT MAX TX BDs ( 100Mbps )                        
    reported *SUCCESSFULL*! 
    *************************************************************************************
 
    *************************************************************************************
    At time:            572061315 
    Test: TEST 6: TRANSMIT PACKETS FROM 0 TO (MINFL - 1) SIZES AT 8 TX BD ( 10Mbps )                          
    reported *SUCCESSFULL*! 
    *************************************************************************************
 
    *************************************************************************************
    At time:            572666835 
    Test: TEST 7: TRANSMIT PACKETS FROM 0 TO (MINFL - 1) SIZES AT 8 TX BD ( 100Mbps )                         
    reported *SUCCESSFULL*! 
    *************************************************************************************
 
    *************************************************************************************
    At time:            575753955 
    Test: TEST 8: TRANSMIT PACKETS (NO PADs) FROM 0 TO (MINFL - 1) SIZES AT 8 TX BD ( 10Mbps )                
    reported *SUCCESSFULL*! 
    *************************************************************************************
 
    *************************************************************************************
    At time:            576228795 
    Test: TEST 9: TRANSMIT PACKETS (NO PADs) FROM 0 TO (MINFL - 1) SIZES AT 8 TX BD ( 100Mbps )               
    reported *SUCCESSFULL*! 
    *************************************************************************************
 
    *************************************************************************************
    At time:            580058385 
    Test: TEST 10: TRANSMIT PACKETS ACROSS MAXFL VALUE AT 13 TX BDs ( 10Mbps )                                
    reported *SUCCESSFULL*! 
    *************************************************************************************
 
    *************************************************************************************
    At time:            580456095 
    Test: TEST 11: TRANSMIT PACKETS ACROSS MAXFL VALUE AT 13 TX BDs ( 100Mbps )                               
    reported *SUCCESSFULL*! 
    *************************************************************************************
 
    *************************************************************************************
    At time:            580783965 
    Test: TEST 12: TRANSMIT PACKETS ACROSS CHANGED MAXFL VALUE AT 13 TX BDs ( 10Mbps )                        
    reported *SUCCESSFULL*! 
    *************************************************************************************
 
    *************************************************************************************
    At time:            580826115 
    Test: TEST 13: TRANSMIT PACKETS ACROSS CHANGED MAXFL VALUE AT 13 TX BDs ( 100Mbps )                       
    reported *SUCCESSFULL*! 
    *************************************************************************************
 
    *************************************************************************************
    At time:            584134425 
    Test: TEST 14: TRANSMIT PACKETS ACROSS CHANGED MINFL VALUE AT 7 TX BDs ( 10Mbps )                         
    reported *SUCCESSFULL*! 
    *************************************************************************************
 
    *************************************************************************************
    At time:            584475015 
    Test: TEST 15: TRANSMIT PACKETS ACROSS CHANGED MINFL VALUE AT 7 TX BDs ( 100Mbps )                        
    reported *SUCCESSFULL*! 
    *************************************************************************************
 
    *************************************************************************************
    At time:            693120525 
    Test: TEST 16: TRANSMIT PACKETS ACROSS MAXFL WITH HUGEN AT 19 TX BDs ( 10Mbps )                           
    reported *SUCCESSFULL*! 
    *************************************************************************************
 
    *************************************************************************************
    At time:            704030355 
    Test: TEST 17: TRANSMIT PACKETS ACROSS MAXFL WITH HUGEN AT 19 TX BDs ( 100Mbps )                          
    reported *SUCCESSFULL*! 
    *************************************************************************************
 
    *************************************************************************************
    At time:            706088505 
    Test: TEST 18: IPG DURING BACK-TO-BACK TRANSMIT AT 88 TX BDs ( 10Mbps )                                   
    reported *SUCCESSFULL*! 
    *************************************************************************************
 
    *************************************************************************************
    At time:            706354215 
    Test: TEST 19: IPG DURING BACK-TO-BACK TRANSMIT AT 88 TX BDs ( 100Mbps )                                  
    reported *SUCCESSFULL*! 
    *************************************************************************************
 
    *************************************************************************************
    At time:            710148285 
    Test: TEST 20: TRANSMIT PACKETS AFTER TX UNDER-RUN ON EACH PACKET's BYTE AT 2 TX BDs ( 10Mbps )           
    reported *SUCCESSFULL*! 
    *************************************************************************************
 
    *************************************************************************************
    At time:            710624235 
    Test: TEST 21: TRANSMIT PACKETS AFTER TX UNDER-RUN ON EACH PACKET's BYTE AT 2 TX BDs ( 100Mbps )          
    reported *SUCCESSFULL*! 
    *************************************************************************************
 
    *************************************************************************************
    At time:            744414049 
    Test: TEST 22: TRANSMIT PACKETS (DELAYED CRC) FROM MINFL TO MAXFL SIZES AT ONE TX BD ( 10Mbps )           
    reported *SUCCESSFULL*! 
    *************************************************************************************
 
    *************************************************************************************
    At time:            748086169 
    Test: TEST 23: TRANSMIT PACKETS (DELAYED CRC) FROM MINFL TO MAXFL SIZES AT ONE TX BD ( 100Mbps )          
    reported *SUCCESSFULL*! 
    *************************************************************************************
 
  ***************************************************************************************
  ***************************************************************************************
  Heading: MAC FULL DUPLEX RECEIVE TEST                                                                        
  ***************************************************************************************
  ***************************************************************************************
 
    *************************************************************************************
    At time:            757881889 
    Test: TEST 0: NO RECEIVE WHEN ALL BUFFERS ARE TX ( 10Mbps )                                               
    reported *SUCCESSFULL*! 
    *************************************************************************************
 
    *************************************************************************************
    At time:            759426409 
    Test: TEST 1: NO RECEIVE WHEN ALL BUFFERS ARE TX ( 100Mbps )                                              
    reported *SUCCESSFULL*! 
    *************************************************************************************
 
    *************************************************************************************
    At time:            799605289 
    Test: TEST 2: RECEIVE PACKET SYNCHRONIZATION WITH RECEIVE DISABLE/ENABLE ( 10Mbps )                       
    reported *SUCCESSFULL*! 
    *************************************************************************************
 
    *************************************************************************************
    At time:            804931969 
    Test: TEST 3: RECEIVE PACKET SYNCHRONIZATION WITH RECEIVE DISABLE/ENABLE ( 100Mbps )                      
    reported *SUCCESSFULL*! 
    *************************************************************************************
 
    *************************************************************************************
    At time:            838620859 
    Test: TEST 4: RECEIVE PACKETS FROM MINFL TO MAXFL SIZES AT ONE RX BD ( 10Mbps )                           
    reported *SUCCESSFULL*! 
    *************************************************************************************
 
    *************************************************************************************
    At time:            842196619 
    Test: TEST 5: RECEIVE PACKETS FROM MINFL TO MAXFL SIZES AT ONE RX BD ( 100Mbps )                          
    reported *SUCCESSFULL*! 
    *************************************************************************************
 
    *************************************************************************************
    At time:            883760325 
    Test: TEST 6: RECEIVE PACKETS FROM MINFL TO MAXFL SIZES AT MAX RX BDs ( 10Mbps )                          
    reported *SUCCESSFULL*! 
    *************************************************************************************
 
    *************************************************************************************
    At time:            888205245 
    Test: TEST 7: RECEIVE PACKETS FROM MINFL TO MAXFL SIZES AT MAX RX BDs ( 100Mbps )                         
    reported *SUCCESSFULL*! 
    *************************************************************************************
 
    *************************************************************************************
    At time:            891634785 
    Test: TEST 8: RECEIVE PACKETS FROM 0 TO (MINFL + 12) SIZES AT 8 RX BD ( 10Mbps )                          
    reported *SUCCESSFULL*! 
    *************************************************************************************
 
    *************************************************************************************
    At time:            892106025 
    Test: TEST 9: RECEIVE PACKETS FROM 0 TO (MINFL + 12) SIZES AT 8 RX BD ( 100Mbps )                         
    reported *SUCCESSFULL*! 
    *************************************************************************************
 
    *************************************************************************************
    At time:            892658449 
    Test: TEST 10: RECEIVE PACKETS AT ONE RX BD AND CHECK ADDRESSES ( 10Mbps )                                
    reported *SUCCESSFULL*! 
    *************************************************************************************
 
    *************************************************************************************
    At time:            892738969 
    Test: TEST 11: RECEIVE PACKETS AT ONE RX BD AND CHECK ADDRESSES ( 100Mbps )                               
    reported *SUCCESSFULL*! 
    *************************************************************************************
 
    *************************************************************************************
    At time:            893563339 
    Test: TEST 12: RECEIVE PACKETS AT 8 RX BD WITH RX FIFO AND RX BD OVERRUN ( 10Mbps )                       
    reported *SUCCESSFULL*! 
    *************************************************************************************
 
    *************************************************************************************
    At time:            893681899 
    Test: TEST 13: RECEIVE PACKETS AT 8 RX BD WITH RX FIFO AND RX BD OVERRUN ( 100Mbps )                      
    reported *SUCCESSFULL*! 
    *************************************************************************************
 
    *************************************************************************************
    At time:            894234769 
    Test: TEST 14: RECEIVE PACKETS (DELAYED CRC) AT ONE RX BD AND CHECK ADDRESSES ( 10Mbps )                  
    reported *SUCCESSFULL*! 
    *************************************************************************************
 
    *************************************************************************************
    At time:            894315289 
    Test: TEST 15: RECEIVE PACKETS (DELAYED CRC) AT ONE RX BD AND CHECK ADDRESSES ( 100Mbps )                 
    reported *SUCCESSFULL*! 
    *************************************************************************************
 
  ***************************************************************************************
  ***************************************************************************************
  Heading: MAC FULL DUPLEX FLOW CONTROL TEST                                                                   
  ***************************************************************************************
  ***************************************************************************************
 
    *************************************************************************************
    At time:            903706391 
    Test: TEST 0: INSERT CONTROL FRM. WHILE TRANSMITTING NORMAL FRM. AT 4 TX BD ( 10Mbps )                    
    reported *SUCCESSFULL*! 
    *************************************************************************************
 
    *************************************************************************************
    At time:            904737491 
    Test: TEST 1: INSERT CONTROL FRM. WHILE TRANSMITTING NORMAL FRM. AT 4 TX BD ( 100Mbps )                   
    reported *SUCCESSFULL*! 
    *************************************************************************************
 
    *************************************************************************************
    At time:            905949499 
    Test: TEST 2: RECEIVE CONTROL FRAMES WITH PASSALL OPTION TURNED ON AND OFF AT ONE RX BD ( 10Mbps )        
    reported *SUCCESSFULL*! 
    *************************************************************************************
 
    *************************************************************************************
    At time:            906099139 
    Test: TEST 3: RECEIVE CONTROL FRAMES WITH PASSALL OPTION TURNED ON AND OFF AT ONE RX BD ( 100Mbps )       
    reported *SUCCESSFULL*! 
    *************************************************************************************
 
    *************************************************************************************
    At time:            944888239 
    Test: TEST 4: RANDOM RECEIVE AND TRANSMIT FRAMES AT ONE TX AND ONE RX BD ( 10Mbps )                       
    reported *SUCCESSFULL*! 
    *************************************************************************************
 
    *************************************************************************************
    At time:            949899799 
    Test: TEST 5: RANDOM RECEIVE AND TRANSMIT FRAMES AT ONE TX AND ONE RX BD ( 100Mbps )                      
    reported *SUCCESSFULL*! 
    *************************************************************************************
 
**************************** Ethernet MAC test summary **********************************
Tests performed:           115
Failed tests   :             0
Successfull tests:         115
**************************** Ethernet MAC test summary **********************************
